<?xml version="1.0" encoding="UTF-8"?>
<!-- Generated by org.testng.reporters.JUnitXMLReporter -->
<testsuite ignored="0" hostname="DESKTOP-UMEFVFH" failures="0" tests="3" name="mytest" time="70.599" errors="0" timestamp="2024-03-12T23:24:00 IST">
  <testcase classname="day37.ParameterTest_Demo_By_ParallelTesting" name="testLogo" time="0.54"/>
  <testcase classname="day37.ParameterTest_Demo_By_ParallelTesting" name="testHomePageTitle" time="0.016"/>
  <testcase classname="day37.ParameterTest_Demo_By_ParallelTesting" name="loginTest" time="2.369"/>
</testsuite> <!-- mytest -->
