<?xml version="1.0" encoding="UTF-8"?>
<!-- Generated by org.testng.reporters.JUnitXMLReporter -->
<testsuite ignored="0" hostname="DESKTOP-UMEFVFH" failures="0" tests="6" name="new_Test" time="0.162" errors="0" timestamp="2024-03-10T00:33:33 IST">
  <testcase classname="day34.ForthTest" name="openapp" time="0.024"/>
  <testcase classname="day34.ForthTest" name="Login" time="0.007"/>
  <testcase classname="day34.ForthTest" name="closeApp" time="0.007"/>
  <testcase classname="day34.Fifth_Test" name="test1" time="0.003"/>
  <testcase classname="day34.Fifth_Test" name="test2" time="0.004"/>
  <testcase classname="day34.Fifth_Test" name="test3" time="0.007"/>
</testsuite> <!-- new_Test -->
