<?xml version="1.0" encoding="UTF-8"?>
<!-- Generated by org.testng.reporters.JUnitXMLReporter -->
<testsuite ignored="0" hostname="DESKTOP-UMEFVFH" failures="0" tests="3" name="Default test" time="24.492" errors="0" timestamp="2024-03-14T21:38:32 IST">
  <testcase classname="day39_copy.LoginTest" name="checklogopresent" time="0.274"/>
  <testcase classname="day39_copy.LoginTest" name="clickLoginButton" time="2.832"/>
  <testcase classname="day39_copy.LoginTest" name="myAccPresent" time="0.198"/>
</testsuite> <!-- Default test -->
