<?xml version="1.0" encoding="UTF-8"?>
<!-- Generated by org.testng.reporters.JUnitXMLReporter -->
<testsuite ignored="0" hostname="DESKTOP-UMEFVFH" failures="1" tests="3" name="Test" time="52.666" errors="0" timestamp="2024-03-14T01:16:51 IST">
  <testcase classname="day38.NopCommerceTests" name="testLogo" time="2.419"/>
  <testcase classname="day38.NopCommerceTests" name="testlogin" time="21.964">
    <failure type="java.lang.AssertionError" message="expected [true] but found [false]">
      <![CDATA[java.lang.AssertionError: expected [true] but found [false]
at day38.NopCommerceTests.testlogin(NopCommerceTests.java:71)
at java.base/java.util.ArrayList.forEach(ArrayList.java:1511)
... Removed 29 stack frames]]>
    </failure>
  </testcase> <!-- testlogin -->
  <testcase classname="day38.NopCommerceTests" name="testlogout" time="0.0">
    <skipped/>
  </testcase> <!-- testlogout -->
</testsuite> <!-- Test -->
